{"C:\\Users\\ASUS\\SISTEMDONOR\\SISTEMDONOR\\Backend\\app.js": {"path":"C:\\Users\\ASUS\\SISTEMDONOR\\SISTEMDONOR\\Backend\\app.js","statementMap":{"0":{"start":{"line":1,"column":0},"end":{"line":1,"column":44}},"1":{"start":{"line":3,"column":12},"end":{"line":3,"column":35}},"2":{"start":{"line":4,"column":15},"end":{"line":4,"column":34}},"3":{"start":{"line":5,"column":19},"end":{"line":5,"column":39}},"4":{"start":{"line":7,"column":16},"end":{"line":7,"column":34}},"5":{"start":{"line":10,"column":35},"end":{"line":10,"column":63}},"6":{"start":{"line":13,"column":18},"end":{"line":13,"column":47}},"7":{"start":{"line":16,"column":15},"end":{"line":16,"column":32}},"8":{"start":{"line":18,"column":13},"end":{"line":18,"column":28}},"9":{"start":{"line":19,"column":17},"end":{"line":19,"column":36}},"10":{"start":{"line":20,"column":14},"end":{"line":20,"column":39}},"11":{"start":{"line":25,"column":23},"end":{"line":59,"column":1}},"12":{"start":{"line":27,"column":2},"end":{"line":58,"column":3}},"13":{"start":{"line":29,"column":23},"end":{"line":29,"column":48}},"14":{"start":{"line":31,"column":4},"end":{"line":36,"column":1}},"15":{"start":{"line":35,"column":2},"end":{"line":35,"column":16}},"16":{"start":{"line":38,"column":4},"end":{"line":42,"column":5}},"17":{"start":{"line":39,"column":6},"end":{"line":41,"column":9}},"18":{"start":{"line":44,"column":18},"end":{"line":44,"column":42}},"19":{"start":{"line":46,"column":19},"end":{"line":46,"column":48}},"20":{"start":{"line":48,"column":4},"end":{"line":48,"column":22}},"21":{"start":{"line":50,"column":4},"end":{"line":50,"column":11}},"22":{"start":{"line":54,"column":4},"end":{"line":56,"column":7}},"23":{"start":{"line":61,"column":12},"end":{"line":61,"column":21}},"24":{"start":{"line":68,"column":0},"end":{"line":68,"column":18}},"25":{"start":{"line":71,"column":19},"end":{"line":75,"column":2}},"26":{"start":{"line":78,"column":0},"end":{"line":78,"column":20}},"27":{"start":{"line":81,"column":0},"end":{"line":81,"column":16}},"28":{"start":{"line":82,"column":0},"end":{"line":82,"column":24}},"29":{"start":{"line":109,"column":20},"end":{"line":123,"column":2}},"30":{"start":{"line":128,"column":19},"end":{"line":132,"column":2}},"31":{"start":{"line":134,"column":13},"end":{"line":134,"column":47}},"32":{"start":{"line":194,"column":0},"end":{"line":196,"column":3}},"33":{"start":{"line":195,"column":2},"end":{"line":195,"column":31}},"34":{"start":{"line":203,"column":0},"end":{"line":224,"column":3}},"35":{"start":{"line":205,"column":2},"end":{"line":207,"column":3}},"36":{"start":{"line":206,"column":4},"end":{"line":206,"column":36}},"37":{"start":{"line":227,"column":0},"end":{"line":253,"column":3}},"38":{"start":{"line":230,"column":2},"end":{"line":250,"column":3}},"39":{"start":{"line":232,"column":17},"end":{"line":234,"column":6}},"40":{"start":{"line":236,"column":4},"end":{"line":240,"column":5}},"41":{"start":{"line":237,"column":6},"end":{"line":239,"column":9}},"42":{"start":{"line":242,"column":4},"end":{"line":242,"column":31}},"43":{"start":{"line":246,"column":4},"end":{"line":248,"column":7}},"44":{"start":{"line":256,"column":0},"end":{"line":318,"column":2}},"45":{"start":{"line":271,"column":4},"end":{"line":316,"column":5}},"46":{"start":{"line":273,"column":21},"end":{"line":273,"column":42}},"47":{"start":{"line":275,"column":6},"end":{"line":279,"column":7}},"48":{"start":{"line":276,"column":8},"end":{"line":278,"column":11}},"49":{"start":{"line":281,"column":6},"end":{"line":286,"column":7}},"50":{"start":{"line":282,"column":8},"end":{"line":285,"column":11}},"51":{"start":{"line":320,"column":0},"end":{"line":363,"column":3}},"52":{"start":{"line":321,"column":2},"end":{"line":362,"column":3}},"53":{"start":{"line":323,"column":4},"end":{"line":331,"column":5}},"54":{"start":{"line":327,"column":6},"end":{"line":330,"column":9}},"55":{"start":{"line":335,"column":20},"end":{"line":339,"column":5}},"56":{"start":{"line":341,"column":4},"end":{"line":345,"column":5}},"57":{"start":{"line":342,"column":6},"end":{"line":344,"column":9}},"58":{"start":{"line":347,"column":4},"end":{"line":350,"column":7}},"59":{"start":{"line":356,"column":4},"end":{"line":356,"column":23}},"60":{"start":{"line":358,"column":4},"end":{"line":360,"column":7}},"61":{"start":{"line":366,"column":0},"end":{"line":397,"column":3}},"62":{"start":{"line":367,"column":2},"end":{"line":396,"column":3}},"63":{"start":{"line":369,"column":4},"end":{"line":376,"column":5}},"64":{"start":{"line":373,"column":6},"end":{"line":375,"column":9}},"65":{"start":{"line":378,"column":20},"end":{"line":378,"column":64}},"66":{"start":{"line":380,"column":4},"end":{"line":384,"column":5}},"67":{"start":{"line":381,"column":6},"end":{"line":383,"column":9}},"68":{"start":{"line":386,"column":4},"end":{"line":388,"column":7}},"69":{"start":{"line":392,"column":4},"end":{"line":394,"column":7}},"70":{"start":{"line":402,"column":0},"end":{"line":485,"column":2}},"71":{"start":{"line":417,"column":4},"end":{"line":483,"column":5}},"72":{"start":{"line":420,"column":21},"end":{"line":420,"column":42}},"73":{"start":{"line":422,"column":6},"end":{"line":426,"column":7}},"74":{"start":{"line":423,"column":8},"end":{"line":425,"column":11}},"75":{"start":{"line":428,"column":40},"end":{"line":428,"column":48}},"76":{"start":{"line":430,"column":6},"end":{"line":442,"column":1}},"77":{"start":{"line":432,"column":2},"end":{"line":436,"column":3}},"78":{"start":{"line":433,"column":4},"end":{"line":435,"column":7}},"79":{"start":{"line":438,"column":2},"end":{"line":440,"column":5}},"80":{"start":{"line":477,"column":6},"end":{"line":477,"column":23}},"81":{"start":{"line":479,"column":6},"end":{"line":481,"column":9}},"82":{"start":{"line":490,"column":0},"end":{"line":599,"column":2}},"83":{"start":{"line":502,"column":4},"end":{"line":597,"column":5}},"84":{"start":{"line":505,"column":21},"end":{"line":505,"column":42}},"85":{"start":{"line":507,"column":6},"end":{"line":511,"column":7}},"86":{"start":{"line":508,"column":8},"end":{"line":510,"column":11}},"87":{"start":{"line":514,"column":33},"end":{"line":514,"column":41}},"88":{"start":{"line":517,"column":0},"end":{"line":524,"column":1}},"89":{"start":{"line":521,"column":2},"end":{"line":523,"column":5}},"90":{"start":{"line":526,"column":0},"end":{"line":533,"column":1}},"91":{"start":{"line":530,"column":2},"end":{"line":532,"column":5}},"92":{"start":{"line":535,"column":0},"end":{"line":543,"column":1}},"93":{"start":{"line":539,"column":2},"end":{"line":542,"column":5}},"94":{"start":{"line":561,"column":0},"end":{"line":568,"column":1}},"95":{"start":{"line":565,"column":2},"end":{"line":567,"column":5}},"96":{"start":{"line":591,"column":6},"end":{"line":591,"column":23}},"97":{"start":{"line":593,"column":6},"end":{"line":595,"column":9}},"98":{"start":{"line":604,"column":0},"end":{"line":604,"column":21}}},"fnMap":{"0":{"name":"(anonymous_0)","decl":{"start":{"line":25,"column":23},"end":{"line":25,"column":24}},"loc":{"start":{"line":25,"column":43},"end":{"line":59,"column":1}},"line":25},"1":{"name":"(anonymous_1)","decl":{"start":{"line":194,"column":13},"end":{"line":194,"column":14}},"loc":{"start":{"line":194,"column":27},"end":{"line":196,"column":1}},"line":194},"2":{"name":"(anonymous_2)","decl":{"start":{"line":203,"column":18},"end":{"line":203,"column":19}},"loc":{"start":{"line":203,"column":38},"end":{"line":224,"column":1}},"line":203},"3":{"name":"(anonymous_3)","decl":{"start":{"line":227,"column":31},"end":{"line":227,"column":32}},"loc":{"start":{"line":227,"column":51},"end":{"line":253,"column":1}},"line":227},"4":{"name":"(anonymous_4)","decl":{"start":{"line":270,"column":2},"end":{"line":270,"column":3}},"loc":{"start":{"line":270,"column":22},"end":{"line":317,"column":3}},"line":270},"5":{"name":"(anonymous_5)","decl":{"start":{"line":320,"column":22},"end":{"line":320,"column":23}},"loc":{"start":{"line":320,"column":42},"end":{"line":363,"column":1}},"line":320},"6":{"name":"(anonymous_6)","decl":{"start":{"line":366,"column":25},"end":{"line":366,"column":26}},"loc":{"start":{"line":366,"column":45},"end":{"line":397,"column":1}},"line":366},"7":{"name":"(anonymous_7)","decl":{"start":{"line":415,"column":2},"end":{"line":415,"column":3}},"loc":{"start":{"line":415,"column":22},"end":{"line":484,"column":3}},"line":415},"8":{"name":"(anonymous_8)","decl":{"start":{"line":500,"column":2},"end":{"line":500,"column":3}},"loc":{"start":{"line":500,"column":22},"end":{"line":598,"column":3}},"line":500}},"branchMap":{"0":{"loc":{"start":{"line":31,"column":4},"end":{"line":36,"column":1}},"type":"if","locations":[{"start":{"line":31,"column":4},"end":{"line":36,"column":1}},{"start":{},"end":{}}],"line":31},"1":{"loc":{"start":{"line":32,"column":2},"end":{"line":33,"column":37}},"type":"binary-expr","locations":[{"start":{"line":32,"column":2},"end":{"line":32,"column":33}},{"start":{"line":33,"column":2},"end":{"line":33,"column":37}}],"line":32},"2":{"loc":{"start":{"line":38,"column":4},"end":{"line":42,"column":5}},"type":"if","locations":[{"start":{"line":38,"column":4},"end":{"line":42,"column":5}},{"start":{},"end":{}}],"line":38},"3":{"loc":{"start":{"line":205,"column":2},"end":{"line":207,"column":3}},"type":"if","locations":[{"start":{"line":205,"column":2},"end":{"line":207,"column":3}},{"start":{},"end":{}}],"line":205},"4":{"loc":{"start":{"line":236,"column":4},"end":{"line":240,"column":5}},"type":"if","locations":[{"start":{"line":236,"column":4},"end":{"line":240,"column":5}},{"start":{},"end":{}}],"line":236},"5":{"loc":{"start":{"line":275,"column":6},"end":{"line":279,"column":7}},"type":"if","locations":[{"start":{"line":275,"column":6},"end":{"line":279,"column":7}},{"start":{},"end":{}}],"line":275},"6":{"loc":{"start":{"line":281,"column":6},"end":{"line":286,"column":7}},"type":"if","locations":[{"start":{"line":281,"column":6},"end":{"line":286,"column":7}},{"start":{},"end":{}}],"line":281},"7":{"loc":{"start":{"line":323,"column":4},"end":{"line":331,"column":5}},"type":"if","locations":[{"start":{"line":323,"column":4},"end":{"line":331,"column":5}},{"start":{},"end":{}}],"line":323},"8":{"loc":{"start":{"line":324,"column":6},"end":{"line":325,"column":34}},"type":"binary-expr","locations":[{"start":{"line":324,"column":6},"end":{"line":324,"column":37}},{"start":{"line":325,"column":6},"end":{"line":325,"column":34}}],"line":324},"9":{"loc":{"start":{"line":341,"column":4},"end":{"line":345,"column":5}},"type":"if","locations":[{"start":{"line":341,"column":4},"end":{"line":345,"column":5}},{"start":{},"end":{}}],"line":341},"10":{"loc":{"start":{"line":369,"column":4},"end":{"line":376,"column":5}},"type":"if","locations":[{"start":{"line":369,"column":4},"end":{"line":376,"column":5}},{"start":{},"end":{}}],"line":369},"11":{"loc":{"start":{"line":370,"column":6},"end":{"line":371,"column":34}},"type":"binary-expr","locations":[{"start":{"line":370,"column":6},"end":{"line":370,"column":37}},{"start":{"line":371,"column":6},"end":{"line":371,"column":34}}],"line":370},"12":{"loc":{"start":{"line":380,"column":4},"end":{"line":384,"column":5}},"type":"if","locations":[{"start":{"line":380,"column":4},"end":{"line":384,"column":5}},{"start":{},"end":{}}],"line":380},"13":{"loc":{"start":{"line":422,"column":6},"end":{"line":426,"column":7}},"type":"if","locations":[{"start":{"line":422,"column":6},"end":{"line":426,"column":7}},{"start":{},"end":{}}],"line":422},"14":{"loc":{"start":{"line":430,"column":6},"end":{"line":442,"column":1}},"type":"if","locations":[{"start":{"line":430,"column":6},"end":{"line":442,"column":1}},{"start":{},"end":{}}],"line":430},"15":{"loc":{"start":{"line":432,"column":2},"end":{"line":436,"column":3}},"type":"if","locations":[{"start":{"line":432,"column":2},"end":{"line":436,"column":3}},{"start":{},"end":{}}],"line":432},"16":{"loc":{"start":{"line":507,"column":6},"end":{"line":511,"column":7}},"type":"if","locations":[{"start":{"line":507,"column":6},"end":{"line":511,"column":7}},{"start":{},"end":{}}],"line":507},"17":{"loc":{"start":{"line":517,"column":0},"end":{"line":524,"column":1}},"type":"if","locations":[{"start":{"line":517,"column":0},"end":{"line":524,"column":1}},{"start":{},"end":{}}],"line":517},"18":{"loc":{"start":{"line":518,"column":2},"end":{"line":519,"column":32}},"type":"binary-expr","locations":[{"start":{"line":518,"column":2},"end":{"line":518,"column":33}},{"start":{"line":519,"column":2},"end":{"line":519,"column":32}}],"line":518},"19":{"loc":{"start":{"line":526,"column":0},"end":{"line":533,"column":1}},"type":"if","locations":[{"start":{"line":526,"column":0},"end":{"line":533,"column":1}},{"start":{},"end":{}}],"line":526},"20":{"loc":{"start":{"line":527,"column":2},"end":{"line":528,"column":36}},"type":"binary-expr","locations":[{"start":{"line":527,"column":2},"end":{"line":527,"column":33}},{"start":{"line":528,"column":2},"end":{"line":528,"column":36}}],"line":527},"21":{"loc":{"start":{"line":535,"column":0},"end":{"line":543,"column":1}},"type":"if","locations":[{"start":{"line":535,"column":0},"end":{"line":543,"column":1}},{"start":{},"end":{}}],"line":535},"22":{"loc":{"start":{"line":536,"column":2},"end":{"line":537,"column":27}},"type":"binary-expr","locations":[{"start":{"line":536,"column":2},"end":{"line":536,"column":33}},{"start":{"line":537,"column":2},"end":{"line":537,"column":27}}],"line":536},"23":{"loc":{"start":{"line":561,"column":0},"end":{"line":568,"column":1}},"type":"if","locations":[{"start":{"line":561,"column":0},"end":{"line":568,"column":1}},{"start":{},"end":{}}],"line":561},"24":{"loc":{"start":{"line":562,"column":2},"end":{"line":563,"column":36}},"type":"binary-expr","locations":[{"start":{"line":562,"column":2},"end":{"line":562,"column":33}},{"start":{"line":563,"column":2},"end":{"line":563,"column":36}}],"line":562}},"s":{"0":1,"1":1,"2":1,"3":1,"4":1,"5":1,"6":1,"7":1,"8":1,"9":1,"10":1,"11":1,"12":14,"13":14,"14":14,"15":10,"16":4,"17":1,"18":3,"19":3,"20":0,"21":0,"22":3,"23":1,"24":1,"25":1,"26":1,"27":1,"28":1,"29":1,"30":1,"31":1,"32":1,"33":2,"34":1,"35":2,"36":2,"37":1,"38":0,"39":0,"40":0,"41":0,"42":0,"43":0,"44":1,"45":10,"46":10,"47":10,"48":8,"49":2,"50":2,"51":1,"52":4,"53":4,"54":2,"55":2,"56":0,"57":0,"58":0,"59":2,"60":2,"61":1,"62":4,"63":4,"64":2,"65":2,"66":0,"67":0,"68":0,"69":2,"70":1,"71":8,"72":8,"73":8,"74":5,"75":3,"76":3,"77":3,"78":1,"79":2,"80":0,"81":0,"82":1,"83":7,"84":7,"85":7,"86":3,"87":4,"88":4,"89":1,"90":3,"91":1,"92":2,"93":2,"94":0,"95":0,"96":0,"97":0,"98":1},"f":{"0":14,"1":2,"2":2,"3":0,"4":10,"5":4,"6":4,"7":8,"8":7},"b":{"0":[10,4],"1":[14,14],"2":[1,3],"3":[2,0],"4":[0,0],"5":[8,2],"6":[2,0],"7":[2,2],"8":[4,4],"9":[0,0],"10":[2,2],"11":[4,4],"12":[0,0],"13":[5,3],"14":[3,0],"15":[1,2],"16":[3,4],"17":[1,3],"18":[4,4],"19":[1,2],"20":[3,3],"21":[2,0],"22":[2,2],"23":[0,0],"24":[0,0]},"_coverageSchema":"1a1c01bbd47fc00a2c39e90264f33305004495a9","hash":"89963ef8e01e83e7dea8c300b27f250b5407e560"}
,"C:\\Users\\ASUS\\SISTEMDONOR\\SISTEMDONOR\\Backend\\models\\Donor.js": {"path":"C:\\Users\\ASUS\\SISTEMDONOR\\SISTEMDONOR\\Backend\\models\\Donor.js","statementMap":{"0":{"start":{"line":1,"column":17},"end":{"line":1,"column":36}},"1":{"start":{"line":3,"column":20},"end":{"line":52,"column":2}},"2":{"start":{"line":54,"column":0},"end":{"line":54,"column":54}}},"fnMap":{},"branchMap":{},"s":{"0":1,"1":1,"2":1},"f":{},"b":{},"_coverageSchema":"1a1c01bbd47fc00a2c39e90264f33305004495a9","hash":"f685a9ccea0ffada2a747187d2924a0f4977f128"}
}
