TN:
SF:app.js
FN:25,(anonymous_0)
FN:194,(anonymous_1)
FN:203,(anonymous_2)
FN:227,(anonymous_3)
FN:270,(anonymous_4)
FN:320,(anonymous_5)
FN:366,(anonymous_6)
FN:415,(anonymous_7)
FN:500,(anonymous_8)
FNF:9
FNH:8
FNDA:14,(anonymous_0)
FNDA:2,(anonymous_1)
FNDA:2,(anonymous_2)
FNDA:0,(anonymous_3)
FNDA:10,(anonymous_4)
FNDA:4,(anonymous_5)
FNDA:4,(anonymous_6)
FNDA:8,(anonymous_7)
FNDA:7,(anonymous_8)
DA:1,1
DA:3,1
DA:4,1
DA:5,1
DA:7,1
DA:10,1
DA:13,1
DA:16,1
DA:18,1
DA:19,1
DA:20,1
DA:25,1
DA:27,14
DA:29,14
DA:31,14
DA:35,10
DA:38,4
DA:39,1
DA:44,3
DA:46,3
DA:48,0
DA:50,0
DA:54,3
DA:61,1
DA:68,1
DA:71,1
DA:78,1
DA:81,1
DA:82,1
DA:109,1
DA:128,1
DA:134,1
DA:194,1
DA:195,2
DA:203,1
DA:205,2
DA:206,2
DA:227,1
DA:230,0
DA:232,0
DA:236,0
DA:237,0
DA:242,0
DA:246,0
DA:256,1
DA:271,10
DA:273,10
DA:275,10
DA:276,8
DA:281,2
DA:282,2
DA:320,1
DA:321,4
DA:323,4
DA:327,2
DA:335,2
DA:341,0
DA:342,0
DA:347,0
DA:356,2
DA:358,2
DA:366,1
DA:367,4
DA:369,4
DA:373,2
DA:378,2
DA:380,0
DA:381,0
DA:386,0
DA:392,2
DA:402,1
DA:417,8
DA:420,8
DA:422,8
DA:423,5
DA:428,3
DA:430,3
DA:432,3
DA:433,1
DA:438,2
DA:477,0
DA:479,0
DA:490,1
DA:502,7
DA:505,7
DA:507,7
DA:508,3
DA:514,4
DA:517,4
DA:521,1
DA:526,3
DA:530,1
DA:535,2
DA:539,2
DA:561,0
DA:565,0
DA:591,0
DA:593,0
DA:604,1
LF:99
LH:79
BRDA:31,0,0,10
BRDA:31,0,1,4
BRDA:32,1,0,14
BRDA:32,1,1,14
BRDA:38,2,0,1
BRDA:38,2,1,3
BRDA:205,3,0,2
BRDA:205,3,1,0
BRDA:236,4,0,0
BRDA:236,4,1,0
BRDA:275,5,0,8
BRDA:275,5,1,2
BRDA:281,6,0,2
BRDA:281,6,1,0
BRDA:323,7,0,2
BRDA:323,7,1,2
BRDA:324,8,0,4
BRDA:324,8,1,4
BRDA:341,9,0,0
BRDA:341,9,1,0
BRDA:369,10,0,2
BRDA:369,10,1,2
BRDA:370,11,0,4
BRDA:370,11,1,4
BRDA:380,12,0,0
BRDA:380,12,1,0
BRDA:422,13,0,5
BRDA:422,13,1,3
BRDA:430,14,0,3
BRDA:430,14,1,0
BRDA:432,15,0,1
BRDA:432,15,1,2
BRDA:507,16,0,3
BRDA:507,16,1,4
BRDA:517,17,0,1
BRDA:517,17,1,3
BRDA:518,18,0,4
BRDA:518,18,1,4
BRDA:526,19,0,1
BRDA:526,19,1,2
BRDA:527,20,0,3
BRDA:527,20,1,3
BRDA:535,21,0,2
BRDA:535,21,1,0
BRDA:536,22,0,2
BRDA:536,22,1,2
BRDA:561,23,0,0
BRDA:561,23,1,0
BRDA:562,24,0,0
BRDA:562,24,1,0
BRF:50
BRH:36
end_of_record
TN:
SF:models\Donor.js
FNF:0
FNH:0
DA:1,1
DA:3,1
DA:54,1
LF:3
LH:3
BRF:0
BRH:0
end_of_record
